Jun-03 10:39:37.130 [main] DEBUG nextflow.cli.Launcher - Setting http proxy: ProxyConfig[protocol=http; host=proxy.swmed.edu; port=3128]
Jun-03 10:39:37.169 [main] DEBUG nextflow.cli.Launcher - Setting https proxy: ProxyConfig[protocol=https; host=proxy.swmed.edu; port=3128]
Jun-03 10:39:37.170 [main] DEBUG nextflow.cli.Launcher - $> nextflow run main.nf
Jun-03 10:39:37.229 [main] DEBUG nextflow.cli.CmdRun - N E X T F L O W  ~  version 26.04.3
Jun-03 10:39:37.277 [main] DEBUG nextflow.plugin.PluginsFacade - Setting up plugin manager > mode=prod; embedded=false; plugins-dir=/home2/s249154/.nextflow/plugins; core-plugins: nf-amazon@3.9.1,nf-azure@1.22.5,nf-cloudcache@0.6.0,nf-codecommit@0.5.2,nf-console@1.3.0,nf-google@1.27.3,nf-k8s@1.5.4,nf-seqera@0.20.1,nf-tower@1.28.0,nf-wave@1.21.0
Jun-03 10:39:37.312 [main] INFO  o.pf4j.DefaultPluginStatusProvider - Enabled plugins: []
Jun-03 10:39:37.313 [main] INFO  o.pf4j.DefaultPluginStatusProvider - Disabled plugins: []
Jun-03 10:39:37.317 [main] INFO  org.pf4j.DefaultPluginManager - PF4J version 3.14.1 in 'deployment' mode
Jun-03 10:39:37.339 [main] DEBUG nextflow.util.RetryConfig - Missing nextflow session - using default retry config
Jun-03 10:39:37.520 [main] DEBUG nextflow.plugin.PluginUpdater - Using plugin repository: HttpPluginRepository [registry]; url=https://registry.nextflow.io/api
Jun-03 10:39:37.528 [main] INFO  org.pf4j.AbstractPluginManager - No plugins
Jun-03 10:39:37.570 [main] DEBUG nextflow.config.ConfigBuilder - Found config local: /endosome/work/bioinformatics/s249154/deconvolution-skeleton/nextflow.config
Jun-03 10:39:37.574 [main] DEBUG nextflow.config.ConfigBuilder - Parsing config file: /endosome/work/bioinformatics/s249154/deconvolution-skeleton/nextflow.config
Jun-03 10:39:37.580 [main] DEBUG nextflow.config.ConfigParserFactory - Using config parser v2
Jun-03 10:39:37.604 [main] DEBUG nextflow.config.ConfigBuilder - Applying config profile: `standard`
Jun-03 10:39:38.106 [main] DEBUG nextflow.plugin.PluginsFacade - Plugins default=[]
Jun-03 10:39:38.107 [main] DEBUG nextflow.plugin.PluginsFacade - Plugins resolved requirement=[]
Jun-03 10:39:38.131 [main] DEBUG n.secret.LocalSecretsProvider - Secrets store: /home2/s249154/.nextflow/secrets/store.json
Jun-03 10:39:38.135 [main] DEBUG nextflow.secret.SecretsLoader - Discovered secrets providers: [nextflow.secret.LocalSecretsProvider@3c87fdf2] - activable => nextflow.secret.LocalSecretsProvider@3c87fdf2
Jun-03 10:39:38.157 [main] DEBUG nextflow.cli.CmdRun - Launching `main.nf` [special_venter] - revision: e8a78726ac
Jun-03 10:39:38.274 [main] DEBUG nextflow.Session - Session UUID: c9764124-9aa0-48b4-9502-ce67dee2341f
Jun-03 10:39:38.274 [main] DEBUG nextflow.Session - Run name: special_venter
Jun-03 10:39:38.275 [main] DEBUG nextflow.Session - Executor pool size: 32
Jun-03 10:39:38.287 [main] DEBUG nextflow.file.FilePorter - File porter settings maxRetries=3; maxTransfers=50; pollTimeout=null
Jun-03 10:39:38.296 [main] DEBUG nextflow.util.ThreadPoolBuilder - Creating thread pool 'FileTransfer' minSize=10; maxSize=96; workQueue=LinkedBlockingQueue[-1]; allowCoreThreadTimeout=false
Jun-03 10:39:38.329 [main] DEBUG nextflow.cli.CmdRun - 
  Version: 26.04.3 build 12259
  Created: 28-05-2026 08:48 UTC (03:48 CDT)
  System: Linux 5.14.0-427.42.1.el9_4.x86_64
  Runtime: Groovy 4.0.31 on OpenJDK 64-Bit Server VM 21.0.10-internal-adhoc.conda.src
  Encoding: UTF-8 (UTF-8)
  Process: 84206@Nucleus047 [172.18.224.47]
  CPUs: 32 - Mem: 251.8 GB (244.1 GB) - Swap: 63.5 GB (63.5 GB)
Jun-03 10:39:38.361 [main] DEBUG nextflow.Session - Work-dir: /endosome/work/bioinformatics/s249154/deconvolution-skeleton/work [gpfs]
Jun-03 10:39:38.362 [main] DEBUG nextflow.Session - Script base path does not exist or is not a directory: /endosome/work/bioinformatics/s249154/deconvolution-skeleton/bin
Jun-03 10:39:38.376 [main] DEBUG nextflow.executor.ExecutorFactory - Extension executors providers=[]
Jun-03 10:39:38.389 [main] DEBUG nextflow.Session - Observer factory (v2): LinObserverFactory
Jun-03 10:39:38.391 [main] DEBUG nextflow.Session - Observer factory (v2): DefaultObserverFactory
Jun-03 10:39:38.452 [main] DEBUG nextflow.cache.CacheFactory - Using Nextflow cache factory: nextflow.cache.DefaultCacheFactory
Jun-03 10:39:38.465 [main] DEBUG nextflow.util.CustomThreadPool - Creating default thread pool > poolSize: 33; maxThreads: 1000
Jun-03 10:39:38.555 [main] DEBUG nextflow.Session - Session start
Jun-03 10:39:38.563 [main] DEBUG nextflow.script.ScriptLoaderFactory - Using script parser v2
Jun-03 10:39:38.891 [main] DEBUG nextflow.script.ScriptRunner - Parsed script files:
Jun-03 10:39:38.910 [main] DEBUG n.trace.WorkflowStatsObserver - Workflow completed > WorkflowStats[succeededCount=0; failedCount=0; ignoredCount=0; cachedCount=0; pendingCount=0; submittedCount=0; runningCount=0; retriesCount=0; abortedCount=0; succeedDuration=0ms; failedDuration=0ms; cachedDuration=0ms;loadCpus=0; loadMemory=0; peakRunning=0; peakCpus=0; peakMemory=0; ]
Jun-03 10:39:38.970 [main] ERROR nextflow.cli.Launcher - Script compilation failed
nextflow.exception.ScriptCompilationException: Script compilation failed
	at nextflow.script.parser.v2.ScriptLoaderV2.parse0(ScriptLoaderV2.groovy:129)
	at nextflow.script.parser.v2.ScriptLoaderV2.parse(ScriptLoaderV2.groovy:81)
	at nextflow.script.parser.v2.ScriptLoaderV2.parse(ScriptLoaderV2.groovy)
	at nextflow.script.ScriptRunner.parseScript(ScriptRunner.groovy:215)
	at nextflow.script.ScriptRunner.execute(ScriptRunner.groovy:126)
	at nextflow.cli.CmdRun.run(CmdRun.groovy:442)
	at nextflow.cli.Launcher.run(Launcher.groovy:526)
	at nextflow.cli.Launcher.main(Launcher.groovy:686)
Caused by: org.codehaus.groovy.control.MultipleCompilationErrorsException: startup failed:
Main: 23: Incorrect number of call arguments, expected 9 but received 10 @ line 23, column 5.
       DESKEW(
       ^

Main: 36: Incorrect number of call arguments, expected 6 but received 5 @ line 36, column 5.
       BLIND_DECON(
       ^

2 errors

	at org.codehaus.groovy.control.ErrorCollector.failIfErrors(ErrorCollector.java:292)
	at org.codehaus.groovy.control.CompilationUnit$ISourceUnitOperation.doPhaseOperation(CompilationUnit.java:878)
	at org.codehaus.groovy.control.CompilationUnit.processPhaseOperations(CompilationUnit.java:660)
	at org.codehaus.groovy.control.CompilationUnit.compile(CompilationUnit.java:634)
	at nextflow.script.parser.v2.ScriptCompiler.compile0(ScriptCompiler.java:146)
	at nextflow.script.parser.v2.ScriptCompiler.compile(ScriptCompiler.java:112)
	at nextflow.script.parser.v2.ScriptLoaderV2.parse0(ScriptLoaderV2.groovy:114)
	... 7 common frames omitted
